<?xml version="1.0" encoding="UTF-8"?>
<testsuite name="TP2.SymbolTableTest" tests="4" skipped="0" failures="0" errors="0" timestamp="2019-10-18T12:19:58" hostname="brandon-HP-ProBook-650-G1" time="0.006">
  <properties/>
  <testcase name="testLookupEmpty" classname="TP2.SymbolTableTest" time="0.002"/>
  <testcase name="testEquals" classname="TP2.SymbolTableTest" time="0.003"/>
  <testcase name="testParent" classname="TP2.SymbolTableTest" time="0.0"/>
  <testcase name="testSimple" classname="TP2.SymbolTableTest" time="0.001"/>
  <system-out><![CDATA[]]></system-out>
  <system-err><![CDATA[]]></system-err>
</testsuite>
